Analysis & Synthesis report for FinalProject
Sat May 20 02:49:38 2023
Quartus Prime Version 22.1std.0 Build 915 10/25/2022 SC Lite Edition


---------------------
; Table of Contents ;
---------------------
  1. Legal Notice
  2. Analysis & Synthesis Summary
  3. Analysis & Synthesis Settings
  4. Parallel Compilation
  5. Analysis & Synthesis Source Files Read
  6. Analysis & Synthesis Resource Usage Summary
  7. Analysis & Synthesis Resource Utilization by Entity
  8. Registers Removed During Synthesis
  9. General Register Statistics
 10. Multiplexer Restructuring Statistics (Restructuring Performed)
 11. Port Connectivity Checks: "clock_devider:washing_machine_clock_devider"
 12. Port Connectivity Checks: "clock_devider:sev_seg_clock_devider"
 13. Analysis & Synthesis Messages



----------------
; Legal Notice ;
----------------
Copyright (C) 2022  Intel Corporation. All rights reserved.
Your use of Intel Corporation's design tools, logic functions 
and other software and tools, and any partner logic 
functions, and any output files from any of the foregoing 
(including device programming or simulation files), and any 
associated documentation or information are expressly subject 
to the terms and conditions of the Intel Program License 
Subscription Agreement, the Intel Quartus Prime License Agreement,
the Intel FPGA IP License Agreement, or other applicable license
agreement, including, without limitation, that your use is for
the sole purpose of programming logic devices manufactured by
Intel and sold by Intel or its authorized distributors.  Please
refer to the applicable agreement for further details, at
https://fpgasoftware.intel.com/eula.



+------------------------------------------------------------------------------+
; Analysis & Synthesis Summary                                                 ;
+-----------------------------+------------------------------------------------+
; Analysis & Synthesis Status ; Successful - Sat May 20 02:49:38 2023          ;
; Quartus Prime Version       ; 22.1std.0 Build 915 10/25/2022 SC Lite Edition ;
; Revision Name               ; FinalProject                                   ;
; Top-level Entity Name       ; main                                           ;
; Family                      ; MAX V                                          ;
; Total logic elements        ; 173                                            ;
; Total pins                  ; 23                                             ;
; Total virtual pins          ; 0                                              ;
; UFM blocks                  ; 0 / 1 ( 0 % )                                  ;
+-----------------------------+------------------------------------------------+


+------------------------------------------------------------------------------------------------------------+
; Analysis & Synthesis Settings                                                                              ;
+------------------------------------------------------------------+--------------------+--------------------+
; Option                                                           ; Setting            ; Default Value      ;
+------------------------------------------------------------------+--------------------+--------------------+
; Top-level entity name                                            ; main               ; FinalProject       ;
; Family name                                                      ; MAX V              ; Cyclone V          ;
; Use smart compilation                                            ; Off                ; Off                ;
; Enable parallel Assembler and Timing Analyzer during compilation ; On                 ; On                 ;
; Enable compact report table                                      ; Off                ; Off                ;
; Restructure Multiplexers                                         ; Auto               ; Auto               ;
; Create Debugging Nodes for IP Cores                              ; Off                ; Off                ;
; Preserve fewer node names                                        ; On                 ; On                 ;
; Intel FPGA IP Evaluation Mode                                    ; Enable             ; Enable             ;
; Verilog Version                                                  ; Verilog_2001       ; Verilog_2001       ;
; VHDL Version                                                     ; VHDL_1993          ; VHDL_1993          ;
; State Machine Processing                                         ; Auto               ; Auto               ;
; Safe State Machine                                               ; Off                ; Off                ;
; Extract Verilog State Machines                                   ; On                 ; On                 ;
; Extract VHDL State Machines                                      ; On                 ; On                 ;
; Ignore Verilog initial constructs                                ; Off                ; Off                ;
; Iteration limit for constant Verilog loops                       ; 5000               ; 5000               ;
; Iteration limit for non-constant Verilog loops                   ; 250                ; 250                ;
; Add Pass-Through Logic to Inferred RAMs                          ; On                 ; On                 ;
; Infer RAMs from Raw Logic                                        ; On                 ; On                 ;
; Parallel Synthesis                                               ; On                 ; On                 ;
; NOT Gate Push-Back                                               ; On                 ; On                 ;
; Power-Up Don't Care                                              ; On                 ; On                 ;
; Remove Redundant Logic Cells                                     ; Off                ; Off                ;
; Remove Duplicate Registers                                       ; On                 ; On                 ;
; Ignore CARRY Buffers                                             ; Off                ; Off                ;
; Ignore CASCADE Buffers                                           ; Off                ; Off                ;
; Ignore GLOBAL Buffers                                            ; Off                ; Off                ;
; Ignore ROW GLOBAL Buffers                                        ; Off                ; Off                ;
; Ignore LCELL Buffers                                             ; Off                ; Off                ;
; Ignore SOFT Buffers                                              ; On                 ; On                 ;
; Limit AHDL Integers to 32 Bits                                   ; Off                ; Off                ;
; Optimization Technique                                           ; Balanced           ; Balanced           ;
; Carry Chain Length                                               ; 70                 ; 70                 ;
; Auto Carry Chains                                                ; On                 ; On                 ;
; Auto Open-Drain Pins                                             ; On                 ; On                 ;
; Perform WYSIWYG Primitive Resynthesis                            ; Off                ; Off                ;
; Auto Shift Register Replacement                                  ; Auto               ; Auto               ;
; Allow Shift Register Merging across Hierarchies                  ; Auto               ; Auto               ;
; Auto Clock Enable Replacement                                    ; On                 ; On                 ;
; Allow Synchronous Control Signals                                ; On                 ; On                 ;
; Force Use of Synchronous Clear Signals                           ; Off                ; Off                ;
; Auto Resource Sharing                                            ; Off                ; Off                ;
; Use LogicLock Constraints during Resource Balancing              ; On                 ; On                 ;
; Ignore translate_off and synthesis_off directives                ; Off                ; Off                ;
; Report Parameter Settings                                        ; On                 ; On                 ;
; Report Source Assignments                                        ; On                 ; On                 ;
; Report Connectivity Checks                                       ; On                 ; On                 ;
; Ignore Maximum Fan-Out Assignments                               ; Off                ; Off                ;
; Synchronization Register Chain Length                            ; 2                  ; 2                  ;
; Power Optimization During Synthesis                              ; Normal compilation ; Normal compilation ;
; HDL message level                                                ; Level2             ; Level2             ;
; Suppress Register Optimization Related Messages                  ; Off                ; Off                ;
; Number of Removed Registers Reported in Synthesis Report         ; 5000               ; 5000               ;
; Number of Swept Nodes Reported in Synthesis Report               ; 5000               ; 5000               ;
; Number of Inverted Registers Reported in Synthesis Report        ; 100                ; 100                ;
; Clock MUX Protection                                             ; On                 ; On                 ;
; Block Design Naming                                              ; Auto               ; Auto               ;
; Synthesis Effort                                                 ; Auto               ; Auto               ;
; Shift Register Replacement - Allow Asynchronous Clear Signal     ; On                 ; On                 ;
; Analysis & Synthesis Message Level                               ; Medium             ; Medium             ;
; Disable Register Merging Across Hierarchies                      ; Auto               ; Auto               ;
+------------------------------------------------------------------+--------------------+--------------------+


+------------------------------------------+
; Parallel Compilation                     ;
+----------------------------+-------------+
; Processors                 ; Number      ;
+----------------------------+-------------+
; Number detected on machine ; 8           ;
; Maximum allowed            ; 4           ;
;                            ;             ;
; Average used               ; 1.00        ;
; Maximum used               ; 1           ;
;                            ;             ;
; Usage by Processor         ; % Time Used ;
;     Processor 1            ; 100.0%      ;
+----------------------------+-------------+


+--------------------------------------------------------------------------------------------------------------------------------------------------+
; Analysis & Synthesis Source Files Read                                                                                                           ;
+----------------------------------+-----------------+-----------------+-----------------------------------------------------------------+---------+
; File Name with User-Entered Path ; Used in Netlist ; File Type       ; File Name with Absolute Path                                    ; Library ;
+----------------------------------+-----------------+-----------------+-----------------------------------------------------------------+---------+
; seven_segment.vhd                ; yes             ; User VHDL File  ; C:/Users/ahmed/University/VHDL/FinalProject/seven_segment.vhd   ;         ;
; washing_machine.vhd              ; yes             ; User VHDL File  ; C:/Users/ahmed/University/VHDL/FinalProject/washing_machine.vhd ;         ;
; main.vhd                         ; yes             ; User VHDL File  ; C:/Users/ahmed/University/VHDL/FinalProject/main.vhd            ;         ;
; clock_devider.vhd                ; yes             ; User VHDL File  ; C:/Users/ahmed/University/VHDL/FinalProject/clock_devider.vhd   ;         ;
+----------------------------------+-----------------+-----------------+-----------------------------------------------------------------+---------+


+-----------------------------------------------------+
; Analysis & Synthesis Resource Usage Summary         ;
+---------------------------------------------+-------+
; Resource                                    ; Usage ;
+---------------------------------------------+-------+
; Total logic elements                        ; 173   ;
;     -- Combinational with no register       ; 88    ;
;     -- Register only                        ; 0     ;
;     -- Combinational with a register        ; 85    ;
;                                             ;       ;
; Logic element usage by number of LUT inputs ;       ;
;     -- 4 input functions                    ; 55    ;
;     -- 3 input functions                    ; 36    ;
;     -- 2 input functions                    ; 77    ;
;     -- 1 input functions                    ; 4     ;
;     -- 0 input functions                    ; 1     ;
;                                             ;       ;
; Logic elements by mode                      ;       ;
;     -- normal mode                          ; 107   ;
;     -- arithmetic mode                      ; 66    ;
;     -- qfbk mode                            ; 0     ;
;     -- register cascade mode                ; 0     ;
;     -- synchronous clear/load mode          ; 76    ;
;     -- asynchronous clear/load mode         ; 64    ;
;                                             ;       ;
; Total registers                             ; 85    ;
; Total logic cells in carry chains           ; 69    ;
; I/O pins                                    ; 23    ;
; Maximum fan-out node                        ; reset ;
; Maximum fan-out                             ; 73    ;
; Total fan-out                               ; 746   ;
; Average fan-out                             ; 3.81  ;
+---------------------------------------------+-------+


+--------------------------------------------------------------------------------------------------------------------------------------------------------------------------------------------------------------------------------------------------------------------------------------------+
; Analysis & Synthesis Resource Utilization by Entity                                                                                                                                                                                                                                        ;
+--------------------------------------------------+-------------+--------------+------------+------+--------------+--------------+-------------------+------------------+-----------------+------------+---------------------------------------------------+-----------------+--------------+
; Compilation Hierarchy Node                       ; Logic Cells ; LC Registers ; UFM Blocks ; Pins ; Virtual Pins ; LUT-Only LCs ; Register-Only LCs ; LUT/Register LCs ; Carry Chain LCs ; Packed LCs ; Full Hierarchy Name                               ; Entity Name     ; Library Name ;
+--------------------------------------------------+-------------+--------------+------------+------+--------------+--------------+-------------------+------------------+-----------------+------------+---------------------------------------------------+-----------------+--------------+
; |main                                            ; 173 (1)     ; 85           ; 0          ; 23   ; 0            ; 88 (1)       ; 0 (0)             ; 85 (0)           ; 69 (0)          ; 0 (0)      ; |main                                             ; main            ; work         ;
;    |clock_devider:sev_seg_clock_devider|         ; 44 (44)     ; 33           ; 0          ; 0    ; 0            ; 11 (11)      ; 0 (0)             ; 33 (33)          ; 32 (32)         ; 0 (0)      ; |main|clock_devider:sev_seg_clock_devider         ; clock_devider   ; work         ;
;    |clock_devider:washing_machine_clock_devider| ; 43 (43)     ; 33           ; 0          ; 0    ; 0            ; 10 (10)      ; 0 (0)             ; 33 (33)          ; 32 (32)         ; 0 (0)      ; |main|clock_devider:washing_machine_clock_devider ; clock_devider   ; work         ;
;    |seven_segment:sev_segment_driver|            ; 34 (34)     ; 3            ; 0          ; 0    ; 0            ; 31 (31)      ; 0 (0)             ; 3 (3)            ; 0 (0)           ; 0 (0)      ; |main|seven_segment:sev_segment_driver            ; seven_segment   ; work         ;
;    |washing_machine:washing_machine_driver|      ; 51 (51)     ; 16           ; 0          ; 0    ; 0            ; 35 (35)      ; 0 (0)             ; 16 (16)          ; 5 (5)           ; 0 (0)      ; |main|washing_machine:washing_machine_driver      ; washing_machine ; work         ;
+--------------------------------------------------+-------------+--------------+------------+------+--------------+--------------+-------------------+------------------+-----------------+------------+---------------------------------------------------+-----------------+--------------+
Note: For table entries with two numbers listed, the numbers in parentheses indicate the number of resources of the given type used by the specific entity alone. The numbers listed outside of parentheses indicate the total resources of the given type used by the specific entity and all of its sub-entities in the hierarchy.


+-------------------------------------------------------------------------------------------------------------------------------+
; Registers Removed During Synthesis                                                                                            ;
+---------------------------------------------------------+---------------------------------------------------------------------+
; Register name                                           ; Reason for Removal                                                  ;
+---------------------------------------------------------+---------------------------------------------------------------------+
; washing_machine:washing_machine_driver|zero_flag        ; Stuck at GND due to stuck port data_in                              ;
; washing_machine:washing_machine_driver|curr_state[1]~en ; Merged with washing_machine:washing_machine_driver|curr_state[0]~en ;
; Total Number of Removed Registers = 2                   ;                                                                     ;
+---------------------------------------------------------+---------------------------------------------------------------------+


+------------------------------------------------------+
; General Register Statistics                          ;
+----------------------------------------------+-------+
; Statistic                                    ; Value ;
+----------------------------------------------+-------+
; Total registers                              ; 85    ;
; Number of registers using Synchronous Clear  ; 64    ;
; Number of registers using Synchronous Load   ; 12    ;
; Number of registers using Asynchronous Clear ; 64    ;
; Number of registers using Asynchronous Load  ; 0     ;
; Number of registers using Clock Enable       ; 8     ;
; Number of registers using Preset             ; 0     ;
+----------------------------------------------+-------+


+-----------------------------------------------------------------------------------------------------------------------------------------------------------------------------+
; Multiplexer Restructuring Statistics (Restructuring Performed)                                                                                                              ;
+--------------------+-----------+---------------+----------------------+------------------------+------------+---------------------------------------------------------------+
; Multiplexer Inputs ; Bus Width ; Baseline Area ; Area if Restructured ; Saving if Restructured ; Registered ; Example Multiplexer Output                                    ;
+--------------------+-----------+---------------+----------------------+------------------------+------------+---------------------------------------------------------------+
; 8:1                ; 5 bits    ; 25 LEs        ; 20 LEs               ; 5 LEs                  ; Yes        ; |main|washing_machine:washing_machine_driver|wash_counter[1]  ;
; 8:1                ; 4 bits    ; 20 LEs        ; 16 LEs               ; 4 LEs                  ; Yes        ; |main|washing_machine:washing_machine_driver|SPIN_counter[0]  ;
; 8:1                ; 4 bits    ; 20 LEs        ; 12 LEs               ; 8 LEs                  ; Yes        ; |main|washing_machine:washing_machine_driver|RINSE_counter[3] ;
; 4:1                ; 2 bits    ; 4 LEs         ; 4 LEs                ; 0 LEs                  ; Yes        ; |main|washing_machine:washing_machine_driver|curr_state[1]    ;
; 9:1                ; 2 bits    ; 12 LEs        ; 10 LEs               ; 2 LEs                  ; No         ; |main|seven_segment:sev_segment_driver|sevSeg_data[3]         ;
+--------------------+-----------+---------------+----------------------+------------------------+------------+---------------------------------------------------------------+


+-------------------------------------------------------------------------+
; Port Connectivity Checks: "clock_devider:washing_machine_clock_devider" ;
+----------------------+-------+----------+-------------------------------+
; Port                 ; Type  ; Severity ; Details                       ;
+----------------------+-------+----------+-------------------------------+
; desired_freq[9..5]   ; Input ; Info     ; Stuck at VCC                  ;
; desired_freq[31..10] ; Input ; Info     ; Stuck at GND                  ;
; desired_freq[2..0]   ; Input ; Info     ; Stuck at GND                  ;
; desired_freq[4]      ; Input ; Info     ; Stuck at GND                  ;
; desired_freq[3]      ; Input ; Info     ; Stuck at VCC                  ;
+----------------------+-------+----------+-------------------------------+


+-----------------------------------------------------------------+
; Port Connectivity Checks: "clock_devider:sev_seg_clock_devider" ;
+----------------------+-------+----------+-----------------------+
; Port                 ; Type  ; Severity ; Details               ;
+----------------------+-------+----------+-----------------------+
; desired_freq[10..8]  ; Input ; Info     ; Stuck at VCC          ;
; desired_freq[31..14] ; Input ; Info     ; Stuck at GND          ;
; desired_freq[12..11] ; Input ; Info     ; Stuck at GND          ;
; desired_freq[7..5]   ; Input ; Info     ; Stuck at GND          ;
; desired_freq[3..0]   ; Input ; Info     ; Stuck at GND          ;
; desired_freq[13]     ; Input ; Info     ; Stuck at VCC          ;
; desired_freq[4]      ; Input ; Info     ; Stuck at VCC          ;
+----------------------+-------+----------+-----------------------+


+-------------------------------+
; Analysis & Synthesis Messages ;
+-------------------------------+
Info: *******************************************************************
Info: Running Quartus Prime Analysis & Synthesis
    Info: Version 22.1std.0 Build 915 10/25/2022 SC Lite Edition
    Info: Processing started: Sat May 20 02:49:31 2023
Info: Command: quartus_map --read_settings_files=on --write_settings_files=off FinalProject -c FinalProject
Warning (18236): Number of processors has not been specified which may cause overloading on shared machines.  Set the global assignment NUM_PARALLEL_PROCESSORS in your QSF to an appropriate value for best performance.
Info (20030): Parallel compilation is enabled and will use 4 of the 4 processors detected
Info (12021): Found 2 design units, including 1 entities, in source file seven_segment.vhd
    Info (12022): Found design unit 1: seven_segment-seven_segment_arch File: C:/Users/ahmed/University/VHDL/FinalProject/seven_segment.vhd Line: 12
    Info (12023): Found entity 1: seven_segment File: C:/Users/ahmed/University/VHDL/FinalProject/seven_segment.vhd Line: 3
Info (12021): Found 2 design units, including 1 entities, in source file washing_machine.vhd
    Info (12022): Found design unit 1: washing_machine-washing_machine_arch File: C:/Users/ahmed/University/VHDL/FinalProject/washing_machine.vhd Line: 11
    Info (12023): Found entity 1: washing_machine File: C:/Users/ahmed/University/VHDL/FinalProject/washing_machine.vhd Line: 3
Info (12021): Found 2 design units, including 1 entities, in source file main.vhd
    Info (12022): Found design unit 1: main-main_arch File: C:/Users/ahmed/University/VHDL/FinalProject/main.vhd Line: 13
    Info (12023): Found entity 1: main File: C:/Users/ahmed/University/VHDL/FinalProject/main.vhd Line: 3
Info (12021): Found 2 design units, including 1 entities, in source file clock_devider.vhd
    Info (12022): Found design unit 1: clock_devider-clock_devider_arc File: C:/Users/ahmed/University/VHDL/FinalProject/clock_devider.vhd Line: 12
    Info (12023): Found entity 1: clock_devider File: C:/Users/ahmed/University/VHDL/FinalProject/clock_devider.vhd Line: 4
Info (12127): Elaborating entity "main" for the top level hierarchy
Info (12128): Elaborating entity "clock_devider" for hierarchy "clock_devider:sev_seg_clock_devider" File: C:/Users/ahmed/University/VHDL/FinalProject/main.vhd Line: 46
Warning (10542): VHDL Variable Declaration warning at clock_devider.vhd(18): used initial value expression for variable "number" because variable was never assigned a value File: C:/Users/ahmed/University/VHDL/FinalProject/clock_devider.vhd Line: 18
Warning (10492): VHDL Process Statement warning at clock_devider.vhd(18): signal "desired_freq" is read inside the Process Statement but isn't in the Process Statement's sensitivity list File: C:/Users/ahmed/University/VHDL/FinalProject/clock_devider.vhd Line: 18
Info (12128): Elaborating entity "seven_segment" for hierarchy "seven_segment:sev_segment_driver" File: C:/Users/ahmed/University/VHDL/FinalProject/main.vhd Line: 48
Info (12128): Elaborating entity "washing_machine" for hierarchy "washing_machine:washing_machine_driver" File: C:/Users/ahmed/University/VHDL/FinalProject/main.vhd Line: 49
Warning (13046): Tri-state node(s) do not directly drive top-level pin(s)
    Warning (13047): Converted the fan-out from the tri-state buffer "washing_machine:washing_machine_driver|state[0]" to the node "washing_machine:washing_machine_driver|Equal5" into an OR gate File: C:/Users/ahmed/University/VHDL/FinalProject/washing_machine.vhd Line: 7
    Warning (13047): Converted the fan-out from the tri-state buffer "washing_machine:washing_machine_driver|state[1]" to the node "washing_machine:washing_machine_driver|Equal5" into an OR gate File: C:/Users/ahmed/University/VHDL/FinalProject/washing_machine.vhd Line: 7
Info (21057): Implemented 196 device resources after synthesis - the final resource count might be different
    Info (21058): Implemented 8 input pins
    Info (21059): Implemented 15 output pins
    Info (21061): Implemented 173 logic cells
Info: Quartus Prime Analysis & Synthesis was successful. 0 errors, 6 warnings
    Info: Peak virtual memory: 4774 megabytes
    Info: Processing ended: Sat May 20 02:49:38 2023
    Info: Elapsed time: 00:00:07
    Info: Total CPU time (on all processors): 00:00:08


